<?xml version="1.0" encoding="UTF-8"?>
<testsuite name="hu.petrik.szuperhosprojekt.BatmanTest" tests="5" skipped="0" failures="0" errors="0" timestamp="2024-12-01T17:15:36" hostname="Auers-MacBook-Air.local" time="0.065">
  <properties/>
  <testcase name="testToString()" classname="hu.petrik.szuperhosprojekt.BatmanTest" time="0.041"/>
  <testcase name="kutyutKeszit()" classname="hu.petrik.szuperhosprojekt.BatmanTest" time="0.001"/>
  <testcase name="mekkoraAzEreje()" classname="hu.petrik.szuperhosprojekt.BatmanTest" time="0.002"/>
  <testcase name="legyoziE()" classname="hu.petrik.szuperhosprojekt.BatmanTest" time="0.004"/>
  <testcase name="Batman()" classname="hu.petrik.szuperhosprojekt.BatmanTest" time="0.005"/>
  <system-out><![CDATA[]]></system-out>
  <system-err><![CDATA[]]></system-err>
</testsuite>
