<?xml version="1.0" encoding="UTF-8"?>
<testsuite name="hu.petrik.szuperhosprojekt.MilliardosTest" tests="1" skipped="0" failures="0" errors="0" timestamp="2024-12-01T17:15:36" hostname="Auers-MacBook-Air.local" time="0.0">
  <properties/>
  <testcase name="interfaceMethods()" classname="hu.petrik.szuperhosprojekt.MilliardosTest" time="0.0"/>
  <system-out><![CDATA[]]></system-out>
  <system-err><![CDATA[]]></system-err>
</testsuite>
