<?xml version="1.0" encoding="UTF-8"?>
<testsuite name="hu.petrik.szuperhosprojekt.KepregenyTest" tests="2" skipped="0" failures="0" errors="0" timestamp="2024-12-01T17:15:36" hostname="Auers-MacBook-Air.local" time="0.056">
  <properties/>
  <testcase name="szereplok()" classname="hu.petrik.szuperhosprojekt.KepregenyTest" time="0.009"/>
  <testcase name="szuperhosok()" classname="hu.petrik.szuperhosprojekt.KepregenyTest" time="0.045"/>
  <system-out><![CDATA[]]></system-out>
  <system-err><![CDATA[]]></system-err>
</testsuite>
