<?xml version="1.0" encoding="UTF-8"?>
<testsuite name="hu.petrik.szuperhosprojekt.VasemberTest" tests="5" skipped="0" failures="0" errors="0" timestamp="2024-12-01T17:15:36" hostname="Auers-MacBook-Air.local" time="0.053">
  <properties/>
  <testcase name="Vasember()" classname="hu.petrik.szuperhosprojekt.VasemberTest" time="0.001"/>
  <testcase name="testToString()" classname="hu.petrik.szuperhosprojekt.VasemberTest" time="0.004"/>
  <testcase name="implementsInterfaces()" classname="hu.petrik.szuperhosprojekt.VasemberTest" time="0.001"/>
  <testcase name="kutyutKeszit()" classname="hu.petrik.szuperhosprojekt.VasemberTest" time="0.034"/>
  <testcase name="megmentiAVilagot()" classname="hu.petrik.szuperhosprojekt.VasemberTest" time="0.0"/>
  <system-out><![CDATA[]]></system-out>
  <system-err><![CDATA[]]></system-err>
</testsuite>
